<?xml version="1.0" encoding="UTF-8"?>
<!-- Generated by org.testng.reporters.JUnitXMLReporter -->
<testsuite ignored="0" hostname="AELTA000MON06" failures="3" tests="3" name="Default test" time="53.176" errors="0" timestamp="2024-07-04T11:30:19 IST">
  <testcase classname="tests.HomePage_Tests" name="pincodeTest" time="29.999">
    <failure type="com.microsoft.playwright.impl.TargetClosedError" message="Error {
  message=&amp;apos;Target page, context or browser has been closed
  name=&amp;apos;TargetClosedError
  stack=&amp;apos;TargetClosedError:Target page, context or browser has been closed
Error
    at captureRawStack (C:\Users\SAURAB~1.SON\AppData\Local\Temp\playwright-java-15458525257276095389\package\lib\utils\stackTrace.js:49:17)
    at LongStandingScope._race (C:\Users\SAURAB~1.SON\AppData\Local\Temp\playwright-java-15458525257276095389\package\lib\utils\manualPromise.js:91:52)
    at LongStandingScope.race (C:\Users\SAURAB~1.SON\AppData\Local\Temp\playwright-java-15458525257276095389\package\lib\utils\manualPromise.js:84:17)
    at C:\Users\SAURAB~1.SON\AppData\Local\Temp\playwright-java-15458525257276095389\package\lib\utils\manualPromise.js:81:43
    at Array.map (&amp;lt;anonymous&amp;gt;)
    at LongStandingScope.raceMultiple (C:\Users\SAURAB~1.SON\AppData\Local\Temp\playwright-java-15458525257276095389\package\lib\utils\manualPromise.js:81:32)
    at Frame.retryWithProgressAndTimeouts (C:\Users\SAURAB~1.SON\AppData\Local\Temp\playwright-java-15458525257276095389\package\lib\server\frames.js:919:40)
    at async C:\Users\SAURAB~1.SON\AppData\Local\Temp\playwright-java-15458525257276095389\package\lib\server\frames.js:1008:29
    at async ProgressController.run (C:\Users\SAURAB~1.SON\AppData\Local\Temp\playwright-java-15458525257276095389\package\lib\server\progress.js:82:22)
    at async FrameDispatcher.click (C:\Users\SAURAB~1.SON\AppData\Local\Temp\playwright-java-15458525257276095389\package\lib\server\dispatchers\frameDispatcher.js:158:12)
    at async LongStandingScope._race (C:\Users\SAURAB~1.SON\AppData\Local\Temp\playwright-java-15458525257276095389\package\lib\utils\manualPromise.js:96:14)
    at async FrameDispatcher._handleCommand (C:\Users\SAURAB~1.SON\AppData\Local\Temp\playwright-java-15458525257276095389\package\lib\server\dispatchers\dispatcher.js:96:14)
    at async DispatcherConnection.dispatch (C:\Users\SAURAB~1.SON\AppData\Local\Temp\playwright-java-15458525257276095389\package\lib\server\dispatchers\dispatcher.js:361:22)
}
Call log:
- waiting for getByRole(AriaRole.BUTTON, new Page.GetByRoleOptions().setName(&amp;quot;pincodeimg 400053 Andheri (W&amp;quot;))
">
      <![CDATA[com.microsoft.playwright.impl.TargetClosedError: Error {
  message='Target page, context or browser has been closed
  name='TargetClosedError
  stack='TargetClosedError:Target page, context or browser has been closed
Error
    at captureRawStack (C:\Users\SAURAB~1.SON\AppData\Local\Temp\playwright-java-15458525257276095389\package\lib\utils\stackTrace.js:49:17)
    at LongStandingScope._race (C:\Users\SAURAB~1.SON\AppData\Local\Temp\playwright-java-15458525257276095389\package\lib\utils\manualPromise.js:91:52)
    at LongStandingScope.race (C:\Users\SAURAB~1.SON\AppData\Local\Temp\playwright-java-15458525257276095389\package\lib\utils\manualPromise.js:84:17)
    at C:\Users\SAURAB~1.SON\AppData\Local\Temp\playwright-java-15458525257276095389\package\lib\utils\manualPromise.js:81:43
    at Array.map (<anonymous>)
    at LongStandingScope.raceMultiple (C:\Users\SAURAB~1.SON\AppData\Local\Temp\playwright-java-15458525257276095389\package\lib\utils\manualPromise.js:81:32)
    at Frame.retryWithProgressAndTimeouts (C:\Users\SAURAB~1.SON\AppData\Local\Temp\playwright-java-15458525257276095389\package\lib\server\frames.js:919:40)
    at async C:\Users\SAURAB~1.SON\AppData\Local\Temp\playwright-java-15458525257276095389\package\lib\server\frames.js:1008:29
    at async ProgressController.run (C:\Users\SAURAB~1.SON\AppData\Local\Temp\playwright-java-15458525257276095389\package\lib\server\progress.js:82:22)
    at async FrameDispatcher.click (C:\Users\SAURAB~1.SON\AppData\Local\Temp\playwright-java-15458525257276095389\package\lib\server\dispatchers\frameDispatcher.js:158:12)
    at async LongStandingScope._race (C:\Users\SAURAB~1.SON\AppData\Local\Temp\playwright-java-15458525257276095389\package\lib\utils\manualPromise.js:96:14)
    at async FrameDispatcher._handleCommand (C:\Users\SAURAB~1.SON\AppData\Local\Temp\playwright-java-15458525257276095389\package\lib\server\dispatchers\dispatcher.js:96:14)
    at async DispatcherConnection.dispatch (C:\Users\SAURAB~1.SON\AppData\Local\Temp\playwright-java-15458525257276095389\package\lib\server\dispatchers\dispatcher.js:361:22)
}
Call log:
- waiting for getByRole(AriaRole.BUTTON, new Page.GetByRoleOptions().setName("pincodeimg 400053 Andheri (W"))

at com.microsoft.playwright.impl.WaitableResult.get(WaitableResult.java:54)
at com.microsoft.playwright.impl.ChannelOwner.runUntil(ChannelOwner.java:120)
at com.microsoft.playwright.impl.Connection.sendMessage(Connection.java:130)
at com.microsoft.playwright.impl.ChannelOwner.sendMessage(ChannelOwner.java:106)
at com.microsoft.playwright.impl.FrameImpl.clickImpl(FrameImpl.java:252)
at com.microsoft.playwright.impl.FrameImpl.lambda$click$8(FrameImpl.java:243)
at com.microsoft.playwright.impl.LoggingSupport.lambda$withLogging$0(LoggingSupport.java:36)
at com.microsoft.playwright.impl.LoggingSupport.withLogging(LoggingSupport.java:47)
at com.microsoft.playwright.impl.ChannelOwner.withLogging(ChannelOwner.java:89)
at com.microsoft.playwright.impl.LoggingSupport.withLogging(LoggingSupport.java:35)
at com.microsoft.playwright.impl.FrameImpl.click(FrameImpl.java:243)
at com.microsoft.playwright.impl.LocatorImpl.click(LocatorImpl.java:160)
at com.microsoft.playwright.Locator.click(Locator.java:2468)
at pages.HomePage.pincodeCheck(HomePage.java:25)
at tests.HomePage_Tests.pincodeTest(HomePage_Tests.java:15)
at java.base/jdk.internal.reflect.DirectMethodHandleAccessor.invoke(DirectMethodHandleAccessor.java:104)
at java.base/java.lang.reflect.Method.invoke(Method.java:578)
at org.testng.internal.invokers.MethodInvocationHelper.invokeMethod(MethodInvocationHelper.java:139)
at org.testng.internal.invokers.TestInvoker.invokeMethod(TestInvoker.java:664)
at org.testng.internal.invokers.TestInvoker.invokeTestMethod(TestInvoker.java:227)
at org.testng.internal.invokers.MethodRunner.runInSequence(MethodRunner.java:50)
at org.testng.internal.invokers.TestInvoker$MethodInvocationAgent.invoke(TestInvoker.java:957)
at org.testng.internal.invokers.TestInvoker.invokeTestMethods(TestInvoker.java:200)
at org.testng.internal.invokers.TestMethodWorker.invokeTestMethods(TestMethodWorker.java:148)
at org.testng.internal.invokers.TestMethodWorker.run(TestMethodWorker.java:128)
at java.base/java.util.ArrayList.forEach(ArrayList.java:1511)
at org.testng.TestRunner.privateRun(TestRunner.java:848)
at org.testng.TestRunner.run(TestRunner.java:621)
at org.testng.SuiteRunner.runTest(SuiteRunner.java:443)
at org.testng.SuiteRunner.runSequentially(SuiteRunner.java:437)
at org.testng.SuiteRunner.privateRun(SuiteRunner.java:397)
at org.testng.SuiteRunner.run(SuiteRunner.java:336)
at org.testng.SuiteRunnerWorker.runSuite(SuiteRunnerWorker.java:52)
at org.testng.SuiteRunnerWorker.run(SuiteRunnerWorker.java:95)
at org.testng.TestNG.runSuitesSequentially(TestNG.java:1280)
at org.testng.TestNG.runSuitesLocally(TestNG.java:1200)
at org.testng.TestNG.runSuites(TestNG.java:1114)
at org.testng.TestNG.run(TestNG.java:1082)
at org.testng.remote.AbstractRemoteTestNG.run(AbstractRemoteTestNG.java:115)
at org.testng.remote.RemoteTestNG.initAndRun(RemoteTestNG.java:251)
at org.testng.remote.RemoteTestNG.main(RemoteTestNG.java:77)
Caused by: com.microsoft.playwright.impl.TargetClosedError: Error {
  message='Target page, context or browser has been closed
  name='TargetClosedError
  stack='TargetClosedError:Target page, context or browser has been closed
Error
    at captureRawStack (C:\Users\SAURAB~1.SON\AppData\Local\Temp\playwright-java-15458525257276095389\package\lib\utils\stackTrace.js:49:17)
    at LongStandingScope._race (C:\Users\SAURAB~1.SON\AppData\Local\Temp\playwright-java-15458525257276095389\package\lib\utils\manualPromise.js:91:52)
    at LongStandingScope.race (C:\Users\SAURAB~1.SON\AppData\Local\Temp\playwright-java-15458525257276095389\package\lib\utils\manualPromise.js:84:17)
    at C:\Users\SAURAB~1.SON\AppData\Local\Temp\playwright-java-15458525257276095389\package\lib\utils\manualPromise.js:81:43
    at Array.map (<anonymous>)
    at LongStandingScope.raceMultiple (C:\Users\SAURAB~1.SON\AppData\Local\Temp\playwright-java-15458525257276095389\package\lib\utils\manualPromise.js:81:32)
    at Frame.retryWithProgressAndTimeouts (C:\Users\SAURAB~1.SON\AppData\Local\Temp\playwright-java-15458525257276095389\package\lib\server\frames.js:919:40)
    at async C:\Users\SAURAB~1.SON\AppData\Local\Temp\playwright-java-15458525257276095389\package\lib\server\frames.js:1008:29
    at async ProgressController.run (C:\Users\SAURAB~1.SON\AppData\Local\Temp\playwright-java-15458525257276095389\package\lib\server\progress.js:82:22)
    at async FrameDispatcher.click (C:\Users\SAURAB~1.SON\AppData\Local\Temp\playwright-java-15458525257276095389\package\lib\server\dispatchers\frameDispatcher.js:158:12)
    at async LongStandingScope._race (C:\Users\SAURAB~1.SON\AppData\Local\Temp\playwright-java-15458525257276095389\package\lib\utils\manualPromise.js:96:14)
    at async FrameDispatcher._handleCommand (C:\Users\SAURAB~1.SON\AppData\Local\Temp\playwright-java-15458525257276095389\package\lib\server\dispatchers\dispatcher.js:96:14)
    at async DispatcherConnection.dispatch (C:\Users\SAURAB~1.SON\AppData\Local\Temp\playwright-java-15458525257276095389\package\lib\server\dispatchers\dispatcher.js:361:22)
}
Call log:
- waiting for getByRole(AriaRole.BUTTON, new Page.GetByRoleOptions().setName("pincodeimg 400053 Andheri (W"))

at com.microsoft.playwright.impl.Connection.dispatch(Connection.java:256)
at com.microsoft.playwright.impl.Connection.processOneMessage(Connection.java:211)
at com.microsoft.playwright.impl.ChannelOwner.runUntil(ChannelOwner.java:118)
... 39 more
]]>
    </failure>
  </testcase> <!-- pincodeTest -->
  <testcase classname="tests.HomePage_Tests" name="searchTest" time="0.007">
    <failure type="com.microsoft.playwright.impl.TargetClosedError" message="Error {
  message=&amp;apos;Target page, context or browser has been closed
  name=&amp;apos;TargetClosedError
  stack=&amp;apos;TargetClosedError: Target page, context or browser has been closed
    at DispatcherConnection.dispatch (C:\Users\SAURAB~1.SON\AppData\Local\Temp\playwright-java-15458525257276095389\package\lib\server\dispatchers\dispatcher.js:273:44)
    at transport.onmessage (C:\Users\SAURAB~1.SON\AppData\Local\Temp\playwright-java-15458525257276095389\package\lib\cli\driver.js:52:57)
    at Immediate._onImmediate (C:\Users\SAURAB~1.SON\AppData\Local\Temp\playwright-java-15458525257276095389\package\lib\protocol\transport.js:77:34)
    at process.processImmediate (node:internal/timers:478:21)
}">
      <![CDATA[com.microsoft.playwright.impl.TargetClosedError: Error {
  message='Target page, context or browser has been closed
  name='TargetClosedError
  stack='TargetClosedError: Target page, context or browser has been closed
    at DispatcherConnection.dispatch (C:\Users\SAURAB~1.SON\AppData\Local\Temp\playwright-java-15458525257276095389\package\lib\server\dispatchers\dispatcher.js:273:44)
    at transport.onmessage (C:\Users\SAURAB~1.SON\AppData\Local\Temp\playwright-java-15458525257276095389\package\lib\cli\driver.js:52:57)
    at Immediate._onImmediate (C:\Users\SAURAB~1.SON\AppData\Local\Temp\playwright-java-15458525257276095389\package\lib\protocol\transport.js:77:34)
    at process.processImmediate (node:internal/timers:478:21)
}
at com.microsoft.playwright.impl.WaitableResult.get(WaitableResult.java:54)
at com.microsoft.playwright.impl.ChannelOwner.runUntil(ChannelOwner.java:120)
at com.microsoft.playwright.impl.Connection.sendMessage(Connection.java:130)
at com.microsoft.playwright.impl.ChannelOwner.sendMessage(ChannelOwner.java:106)
at com.microsoft.playwright.impl.FrameImpl.clickImpl(FrameImpl.java:252)
at com.microsoft.playwright.impl.FrameImpl.lambda$click$8(FrameImpl.java:243)
at com.microsoft.playwright.impl.LoggingSupport.lambda$withLogging$0(LoggingSupport.java:36)
at com.microsoft.playwright.impl.LoggingSupport.withLogging(LoggingSupport.java:47)
at com.microsoft.playwright.impl.ChannelOwner.withLogging(ChannelOwner.java:89)
at com.microsoft.playwright.impl.LoggingSupport.withLogging(LoggingSupport.java:35)
at com.microsoft.playwright.impl.FrameImpl.click(FrameImpl.java:243)
at com.microsoft.playwright.impl.LocatorImpl.click(LocatorImpl.java:160)
at com.microsoft.playwright.Locator.click(Locator.java:2468)
at pages.HomePage.searchItem(HomePage.java:37)
at tests.HomePage_Tests.searchTest(HomePage_Tests.java:21)
at java.base/jdk.internal.reflect.DirectMethodHandleAccessor.invoke(DirectMethodHandleAccessor.java:104)
at java.base/java.lang.reflect.Method.invoke(Method.java:578)
at org.testng.internal.invokers.MethodInvocationHelper.invokeMethod(MethodInvocationHelper.java:139)
at org.testng.internal.invokers.TestInvoker.invokeMethod(TestInvoker.java:664)
at org.testng.internal.invokers.TestInvoker.invokeTestMethod(TestInvoker.java:227)
at org.testng.internal.invokers.MethodRunner.runInSequence(MethodRunner.java:50)
at org.testng.internal.invokers.TestInvoker$MethodInvocationAgent.invoke(TestInvoker.java:957)
at org.testng.internal.invokers.TestInvoker.invokeTestMethods(TestInvoker.java:200)
at org.testng.internal.invokers.TestMethodWorker.invokeTestMethods(TestMethodWorker.java:148)
at org.testng.internal.invokers.TestMethodWorker.run(TestMethodWorker.java:128)
at java.base/java.util.ArrayList.forEach(ArrayList.java:1511)
at org.testng.TestRunner.privateRun(TestRunner.java:848)
at org.testng.TestRunner.run(TestRunner.java:621)
at org.testng.SuiteRunner.runTest(SuiteRunner.java:443)
at org.testng.SuiteRunner.runSequentially(SuiteRunner.java:437)
at org.testng.SuiteRunner.privateRun(SuiteRunner.java:397)
at org.testng.SuiteRunner.run(SuiteRunner.java:336)
at org.testng.SuiteRunnerWorker.runSuite(SuiteRunnerWorker.java:52)
at org.testng.SuiteRunnerWorker.run(SuiteRunnerWorker.java:95)
at org.testng.TestNG.runSuitesSequentially(TestNG.java:1280)
at org.testng.TestNG.runSuitesLocally(TestNG.java:1200)
at org.testng.TestNG.runSuites(TestNG.java:1114)
at org.testng.TestNG.run(TestNG.java:1082)
at org.testng.remote.AbstractRemoteTestNG.run(AbstractRemoteTestNG.java:115)
at org.testng.remote.RemoteTestNG.initAndRun(RemoteTestNG.java:251)
at org.testng.remote.RemoteTestNG.main(RemoteTestNG.java:77)
Caused by: com.microsoft.playwright.impl.TargetClosedError: Error {
  message='Target page, context or browser has been closed
  name='TargetClosedError
  stack='TargetClosedError: Target page, context or browser has been closed
    at DispatcherConnection.dispatch (C:\Users\SAURAB~1.SON\AppData\Local\Temp\playwright-java-15458525257276095389\package\lib\server\dispatchers\dispatcher.js:273:44)
    at transport.onmessage (C:\Users\SAURAB~1.SON\AppData\Local\Temp\playwright-java-15458525257276095389\package\lib\cli\driver.js:52:57)
    at Immediate._onImmediate (C:\Users\SAURAB~1.SON\AppData\Local\Temp\playwright-java-15458525257276095389\package\lib\protocol\transport.js:77:34)
    at process.processImmediate (node:internal/timers:478:21)
}
at com.microsoft.playwright.impl.Connection.dispatch(Connection.java:256)
at com.microsoft.playwright.impl.Connection.processOneMessage(Connection.java:211)
at com.microsoft.playwright.impl.ChannelOwner.runUntil(ChannelOwner.java:118)
... 39 more
]]>
    </failure>
  </testcase> <!-- searchTest -->
  <testcase classname="tests.HomePage_Tests" name="navigationTest" time="0.025">
    <failure type="com.microsoft.playwright.impl.TargetClosedError" message="Error {
  message=&amp;apos;Target page, context or browser has been closed
  name=&amp;apos;TargetClosedError
  stack=&amp;apos;TargetClosedError: Target page, context or browser has been closed
    at DispatcherConnection.dispatch (C:\Users\SAURAB~1.SON\AppData\Local\Temp\playwright-java-15458525257276095389\package\lib\server\dispatchers\dispatcher.js:273:44)
    at transport.onmessage (C:\Users\SAURAB~1.SON\AppData\Local\Temp\playwright-java-15458525257276095389\package\lib\cli\driver.js:52:57)
    at Immediate._onImmediate (C:\Users\SAURAB~1.SON\AppData\Local\Temp\playwright-java-15458525257276095389\package\lib\protocol\transport.js:77:34)
    at process.processImmediate (node:internal/timers:478:21)
}">
      <![CDATA[com.microsoft.playwright.impl.TargetClosedError: Error {
  message='Target page, context or browser has been closed
  name='TargetClosedError
  stack='TargetClosedError: Target page, context or browser has been closed
    at DispatcherConnection.dispatch (C:\Users\SAURAB~1.SON\AppData\Local\Temp\playwright-java-15458525257276095389\package\lib\server\dispatchers\dispatcher.js:273:44)
    at transport.onmessage (C:\Users\SAURAB~1.SON\AppData\Local\Temp\playwright-java-15458525257276095389\package\lib\cli\driver.js:52:57)
    at Immediate._onImmediate (C:\Users\SAURAB~1.SON\AppData\Local\Temp\playwright-java-15458525257276095389\package\lib\protocol\transport.js:77:34)
    at process.processImmediate (node:internal/timers:478:21)
}
at com.microsoft.playwright.impl.WaitableResult.get(WaitableResult.java:54)
at com.microsoft.playwright.impl.ChannelOwner.runUntil(ChannelOwner.java:120)
at com.microsoft.playwright.impl.Connection.sendMessage(Connection.java:130)
at com.microsoft.playwright.impl.ChannelOwner.sendMessage(ChannelOwner.java:106)
at com.microsoft.playwright.impl.FrameImpl.clickImpl(FrameImpl.java:252)
at com.microsoft.playwright.impl.FrameImpl.lambda$click$8(FrameImpl.java:243)
at com.microsoft.playwright.impl.LoggingSupport.lambda$withLogging$0(LoggingSupport.java:36)
at com.microsoft.playwright.impl.LoggingSupport.withLogging(LoggingSupport.java:47)
at com.microsoft.playwright.impl.ChannelOwner.withLogging(ChannelOwner.java:89)
at com.microsoft.playwright.impl.LoggingSupport.withLogging(LoggingSupport.java:35)
at com.microsoft.playwright.impl.FrameImpl.click(FrameImpl.java:243)
at com.microsoft.playwright.impl.LocatorImpl.click(LocatorImpl.java:160)
at com.microsoft.playwright.Locator.click(Locator.java:2468)
at pages.HomePage.navigation(HomePage.java:43)
at tests.HomePage_Tests.navigationTest(HomePage_Tests.java:27)
at java.base/jdk.internal.reflect.DirectMethodHandleAccessor.invoke(DirectMethodHandleAccessor.java:104)
at java.base/java.lang.reflect.Method.invoke(Method.java:578)
at org.testng.internal.invokers.MethodInvocationHelper.invokeMethod(MethodInvocationHelper.java:139)
at org.testng.internal.invokers.TestInvoker.invokeMethod(TestInvoker.java:664)
at org.testng.internal.invokers.TestInvoker.invokeTestMethod(TestInvoker.java:227)
at org.testng.internal.invokers.MethodRunner.runInSequence(MethodRunner.java:50)
at org.testng.internal.invokers.TestInvoker$MethodInvocationAgent.invoke(TestInvoker.java:957)
at org.testng.internal.invokers.TestInvoker.invokeTestMethods(TestInvoker.java:200)
at org.testng.internal.invokers.TestMethodWorker.invokeTestMethods(TestMethodWorker.java:148)
at org.testng.internal.invokers.TestMethodWorker.run(TestMethodWorker.java:128)
at java.base/java.util.ArrayList.forEach(ArrayList.java:1511)
at org.testng.TestRunner.privateRun(TestRunner.java:848)
at org.testng.TestRunner.run(TestRunner.java:621)
at org.testng.SuiteRunner.runTest(SuiteRunner.java:443)
at org.testng.SuiteRunner.runSequentially(SuiteRunner.java:437)
at org.testng.SuiteRunner.privateRun(SuiteRunner.java:397)
at org.testng.SuiteRunner.run(SuiteRunner.java:336)
at org.testng.SuiteRunnerWorker.runSuite(SuiteRunnerWorker.java:52)
at org.testng.SuiteRunnerWorker.run(SuiteRunnerWorker.java:95)
at org.testng.TestNG.runSuitesSequentially(TestNG.java:1280)
at org.testng.TestNG.runSuitesLocally(TestNG.java:1200)
at org.testng.TestNG.runSuites(TestNG.java:1114)
at org.testng.TestNG.run(TestNG.java:1082)
at org.testng.remote.AbstractRemoteTestNG.run(AbstractRemoteTestNG.java:115)
at org.testng.remote.RemoteTestNG.initAndRun(RemoteTestNG.java:251)
at org.testng.remote.RemoteTestNG.main(RemoteTestNG.java:77)
Caused by: com.microsoft.playwright.impl.TargetClosedError: Error {
  message='Target page, context or browser has been closed
  name='TargetClosedError
  stack='TargetClosedError: Target page, context or browser has been closed
    at DispatcherConnection.dispatch (C:\Users\SAURAB~1.SON\AppData\Local\Temp\playwright-java-15458525257276095389\package\lib\server\dispatchers\dispatcher.js:273:44)
    at transport.onmessage (C:\Users\SAURAB~1.SON\AppData\Local\Temp\playwright-java-15458525257276095389\package\lib\cli\driver.js:52:57)
    at Immediate._onImmediate (C:\Users\SAURAB~1.SON\AppData\Local\Temp\playwright-java-15458525257276095389\package\lib\protocol\transport.js:77:34)
    at process.processImmediate (node:internal/timers:478:21)
}
at com.microsoft.playwright.impl.Connection.dispatch(Connection.java:256)
at com.microsoft.playwright.impl.Connection.processOneMessage(Connection.java:211)
at com.microsoft.playwright.impl.ChannelOwner.runUntil(ChannelOwner.java:118)
... 39 more
]]>
    </failure>
  </testcase> <!-- navigationTest -->
</testsuite> <!-- Default test -->
