<?xml version="1.0" encoding="UTF-8"?>
<!-- Generated by org.testng.reporters.JUnitXMLReporter -->
<testsuite ignored="1" hostname="AELTA000MON06" failures="6" tests="6" name="Sanity" time="19.116" errors="0" timestamp="2024-08-02T14:11:37 IST">
  <testcase classname="tests.HomePage_Tests" name="loginTest" time="0.137">
    <failure type="java.lang.NullPointerException" message="Cannot invoke &amp;quot;com.microsoft.playwright.Page.locator(String)&amp;quot; because &amp;quot;this.page&amp;quot; is null">
      <![CDATA[java.lang.NullPointerException: Cannot invoke "com.microsoft.playwright.Page.locator(String)" because "this.page" is null
at pages.HomePage.<init>(HomePage.java:25)
at tests.HomePage_Tests.loginTest(HomePage_Tests.java:16)
at java.base/java.util.ArrayList.forEach(ArrayList.java:1597)
... Removed 25 stack frames]]>
    </failure>
  </testcase> <!-- loginTest -->
  <testcase classname="tests.HomePage_Tests" name="pincodeTest" time="0.003">
    <failure type="java.lang.NullPointerException" message="Cannot invoke &amp;quot;com.microsoft.playwright.Page.locator(String)&amp;quot; because &amp;quot;this.page&amp;quot; is null">
      <![CDATA[java.lang.NullPointerException: Cannot invoke "com.microsoft.playwright.Page.locator(String)" because "this.page" is null
at pages.HomePage.<init>(HomePage.java:25)
at tests.HomePage_Tests.pincodeTest(HomePage_Tests.java:22)
at java.base/java.util.ArrayList.forEach(ArrayList.java:1597)
... Removed 25 stack frames]]>
    </failure>
  </testcase> <!-- pincodeTest -->
  <testcase classname="tests.HomePage_Tests" name="searchTest" time="0.002">
    <failure type="java.lang.NullPointerException" message="Cannot invoke &amp;quot;com.microsoft.playwright.Page.locator(String)&amp;quot; because &amp;quot;this.page&amp;quot; is null">
      <![CDATA[java.lang.NullPointerException: Cannot invoke "com.microsoft.playwright.Page.locator(String)" because "this.page" is null
at pages.HomePage.<init>(HomePage.java:25)
at tests.HomePage_Tests.searchTest(HomePage_Tests.java:28)
at java.base/java.util.ArrayList.forEach(ArrayList.java:1597)
... Removed 25 stack frames]]>
    </failure>
  </testcase> <!-- searchTest -->
  <testcase classname="tests.HomePage_Tests" name="profileDetailsTest" time="0.002">
    <failure type="java.lang.NullPointerException" message="Cannot invoke &amp;quot;com.microsoft.playwright.Page.locator(String)&amp;quot; because &amp;quot;this.page&amp;quot; is null">
      <![CDATA[java.lang.NullPointerException: Cannot invoke "com.microsoft.playwright.Page.locator(String)" because "this.page" is null
at pages.HomePage.<init>(HomePage.java:25)
at tests.HomePage_Tests.profileDetailsTest(HomePage_Tests.java:40)
at java.base/java.util.ArrayList.forEach(ArrayList.java:1597)
... Removed 25 stack frames]]>
    </failure>
  </testcase> <!-- profileDetailsTest -->
  <testcase classname="tests.HomePage_Tests" name="myAddressTest" time="0.003">
    <failure type="java.lang.NullPointerException" message="Cannot invoke &amp;quot;com.microsoft.playwright.Page.locator(String)&amp;quot; because &amp;quot;this.page&amp;quot; is null">
      <![CDATA[java.lang.NullPointerException: Cannot invoke "com.microsoft.playwright.Page.locator(String)" because "this.page" is null
at pages.HomePage.<init>(HomePage.java:25)
at tests.HomePage_Tests.myAddressTest(HomePage_Tests.java:46)
at java.base/java.util.ArrayList.forEach(ArrayList.java:1597)
... Removed 25 stack frames]]>
    </failure>
  </testcase> <!-- myAddressTest -->
  <testcase classname="tests.HomePage_Tests" name="myOrdersTest" time="0.008">
    <failure type="java.lang.NullPointerException" message="Cannot invoke &amp;quot;com.microsoft.playwright.Page.locator(String)&amp;quot; because &amp;quot;this.page&amp;quot; is null">
      <![CDATA[java.lang.NullPointerException: Cannot invoke "com.microsoft.playwright.Page.locator(String)" because "this.page" is null
at pages.HomePage.<init>(HomePage.java:25)
at tests.HomePage_Tests.myOrdersTest(HomePage_Tests.java:55)
at java.base/java.util.ArrayList.forEach(ArrayList.java:1597)
... Removed 25 stack frames]]>
    </failure>
  </testcase> <!-- myOrdersTest -->
  <testcase classname="tests.HomePage_Tests" name="navigationTest" time="0.0">
    <ignored/>
  </testcase> <!-- navigationTest -->
</testsuite> <!-- Sanity -->
